#-----------------------------------------------------------
# Vivado v2024.2 (64-bit)
# SW Build 5239630 on Fri Nov 08 22:35:27 MST 2024
# IP Build 5239520 on Sun Nov 10 16:12:51 MST 2024
# SharedData Build 5239561 on Fri Nov 08 14:39:27 MST 2024
# Start of session at: Fri May 16 22:28:28 2025
# Process ID         : 12128
# Current directory  : C:/FPGAProject/new_clock
# Command line       : vivado.exe -gui_launcher_event rodinguilauncherevent2064 C:\FPGAProject\new_clock\new_clock.xpr
# Log file           : C:/FPGAProject/new_clock/vivado.log
# Journal file       : C:/FPGAProject/new_clock\vivado.jou
# Running On         : LAPTOP-68NQA9TF
# Platform           : Windows Server 2016 or Windows 10
# Operating System   : 22631
# Processor Detail   : AMD Ryzen 5 5600H with Radeon Graphics         
# CPU Frequency      : 3294 MHz
# CPU Physical cores : 6
# CPU Logical cores  : 12
# Host memory        : 7884 MB
# Swap memory        : 23715 MB
# Total Virtual      : 31599 MB
# Available Virtual  : 16859 MB
#-----------------------------------------------------------
start_gui
open_project C:/FPGAProject/new_clock/new_clock.xpr
INFO: [filemgmt 56-3] Default IP Output Path : Could not find the directory 'C:/FPGAProject/new_clock/new_clock.gen/sources_1'.
Scanning sources...
Finished scanning sources
INFO: [IP_Flow 19-234] Refreshing IP repositories
INFO: [IP_Flow 19-1704] No user IP repositories specified
INFO: [IP_Flow 19-2313] Loaded Vivado IP repository 'D:/Vivado/Vivado/2024.2/data/ip'.
open_project: Time (s): cpu = 00:00:04 ; elapsed = 00:00:06 . Memory (MB): peak = 1200.520 ; gain = 129.449
update_compile_order -fileset sources_1
